<?xml version="1.0" encoding="UTF-8"?>
<!-- Generated by org.testng.reporters.JUnitReportReporter -->
<testsuite skipped="0" hostname="Jyoti-Gupta" name="com.metacube.demoApp.PracticeSite" tests="6" failures="0" timestamp="25 May 2017 11:22:32 GMT" time="9.923" errors="0">
  <testcase name="newWindow" time="5.216" classname="com.metacube.demoApp.PracticeSite"/>
  <testcase name="testTextBox" time="0.255" classname="com.metacube.demoApp.PracticeSite"/>
  <testcase name="radiobutton" time="0.175" classname="com.metacube.demoApp.PracticeSite"/>
  <testcase name="testTextArea" time="0.244" classname="com.metacube.demoApp.PracticeSite"/>
  <testcase name="urlSection" time="3.789" classname="com.metacube.demoApp.PracticeSite"/>
  <testcase name="checkbox" time="0.244" classname="com.metacube.demoApp.PracticeSite"/>
</testsuite> <!-- com.metacube.demoApp.PracticeSite -->
