<?xml version="1.0" encoding="UTF-8"?>
<!-- Generated by org.testng.reporters.JUnitReportReporter -->
<testsuite skipped="0" hostname="Jyoti-Gupta" name="com.metacube.demoApp.MenuItem" tests="1" failures="0" timestamp="10 May 2017 06:33:38 GMT" time="18.859" errors="0">
  <testcase name="gmailLoginPage" time="18.859" classname="com.metacube.demoApp.MenuItem"/>
</testsuite> <!-- com.metacube.demoApp.MenuItem -->
