<?xml version="1.0" encoding="UTF-8"?>
<!-- Generated by org.testng.reporters.JUnitReportReporter -->
<testsuite skipped="0" hostname="Jyoti-Gupta" name="com.metacube.demoApp.FooterLinks" tests="6" failures="0" timestamp="03 May 2017 11:05:17 GMT" time="30.789" errors="0">
  <testcase name="careerLinkTest" time="4.128" classname="com.metacube.demoApp.FooterLinks"/>
  <testcase name="contactLinkTest" time="6.246" classname="com.metacube.demoApp.FooterLinks"/>
  <testcase name="ideaLinkTest" time="2.156" classname="com.metacube.demoApp.FooterLinks"/>
  <testcase name="MainPage" time="7.719" classname="com.metacube.demoApp.FooterLinks"/>
  <testcase name="aboutLinkTest" time="6.364" classname="com.metacube.demoApp.FooterLinks"/>
  <testcase name="newsLinkTest" time="4.176" classname="com.metacube.demoApp.FooterLinks"/>
</testsuite> <!-- com.metacube.demoApp.FooterLinks -->
