<?xml version="1.0" encoding="UTF-8"?>
<!-- Generated by org.testng.reporters.JUnitReportReporter -->
<testsuite skipped="0" hostname="Jyoti-Gupta" name="com.metacube.demoApp.DemoClass" tests="1" failures="0" timestamp="13 Apr 2017 12:52:54 GMT" time="4.375" errors="0">
  <testcase name="firstTestCase" time="4.375" classname="com.metacube.demoApp.DemoClass"/>
</testsuite> <!-- com.metacube.demoApp.DemoClass -->
